#
# There is insufficient memory for the Java Runtime Environment to continue.
# Native memory allocation (mmap) failed to map 264241152 bytes. Error detail: G1 virtual space
# Possible reasons:
#   The system is out of physical RAM or swap space
#   This process is running with CompressedOops enabled, and the Java Heap may be blocking the growth of the native heap
# Possible solutions:
#   Reduce memory load on the system
#   Increase physical memory or swap space
#   Check if swap backing store is full
#   Decrease Java heap size (-Xmx/-Xms)
#   Decrease number of Java threads
#   Decrease Java thread stack sizes (-Xss)
#   Set larger code cache with -XX:ReservedCodeCacheSize=
#   JVM is running with Zero Based Compressed Oops mode in which the Java heap is
#     placed in the first 32GB address space. The Java Heap base address is the
#     maximum limit for the native heap growth. Please use -XX:HeapBaseMinAddress
#     to set the Java Heap base and to place the Java Heap above 32GB virtual address.
# This output file may be truncated or incomplete.
#
#  Out of Memory Error (os_windows.cpp:3707), pid=16648, tid=11064
#
# JRE version:  (23.0.2+7) (build )
# Java VM: Java HotSpot(TM) 64-Bit Server VM (23.0.2+7-58, mixed mode, sharing, tiered, compressed oops, compressed class ptrs, g1 gc, windows-amd64)
# No core dump will be written. Minidumps are not enabled by default on client versions of Windows
#

---------------  S U M M A R Y ------------

Command Line: 

Host: 12th Gen Intel(R) Core(TM) i5-1235U, 12 cores, 15G,  Windows 11 , 64 bit Build 22621 (10.0.22621.5262)
Time: Tue Jun 17 00:54:41 2025 Malay Peninsula Standard Time elapsed time: 0.019954 seconds (0d 0h 0m 0s)

---------------  T H R E A D  ---------------

Current thread (0x00000215a9c7f950):  JavaThread "Unknown thread" [_thread_in_vm, id=11064, stack(0x0000005cf5a00000,0x0000005cf5b00000) (1024K)]

Stack: [0x0000005cf5a00000,0x0000005cf5b00000]
Native frames: (J=compiled Java code, j=interpreted, Vv=VM code, C=native code)
V  [jvm.dll+0x6e0b99]  (no source info available)
V  [jvm.dll+0x87e2b3]  (no source info available)
V  [jvm.dll+0x88073e]  (no source info available)
V  [jvm.dll+0x880e13]  (no source info available)
V  [jvm.dll+0x27b006]  (no source info available)
V  [jvm.dll+0x6dd485]  (no source info available)
V  [jvm.dll+0x6d127a]  (no source info available)
V  [jvm.dll+0x35b50a]  (no source info available)
V  [jvm.dll+0x363916]  (no source info available)
V  [jvm.dll+0x34fe7e]  (no source info available)
V  [jvm.dll+0x350118]  (no source info available)
V  [jvm.dll+0x328aec]  (no source info available)
V  [jvm.dll+0x32978e]  (no source info available)
V  [jvm.dll+0x8449a5]  (no source info available)
V  [jvm.dll+0x3b9a08]  (no source info available)
V  [jvm.dll+0x82d68c]  (no source info available)
V  [jvm.dll+0x454f2e]  (no source info available)
V  [jvm.dll+0x456db1]  (no source info available)
C  [jli.dll+0x52a3]  (no source info available)
C  [ucrtbase.dll+0x29333]  (no source info available)
C  [KERNEL32.DLL+0x1259d]  (no source info available)
C  [ntdll.dll+0x5af58]  (no source info available)

Lock stack of current Java thread (top to bottom):


---------------  P R O C E S S  ---------------

Threads class SMR info:
_java_thread_list=0x00007ffccd4b4618, length=0, elements={
}

Java Threads: ( => current thread )
Total: 0

Other Threads:
  0x00000215a9ce2c20 WorkerThread "GC Thread#0"                     [id=2352, stack(0x0000005cf5b00000,0x0000005cf5c00000) (1024K)]
  0x00000215a9cf77f0 ConcurrentGCThread "G1 Main Marker"            [id=17388, stack(0x0000005cf5c00000,0x0000005cf5d00000) (1024K)]
  0x00000215a9cf8300 WorkerThread "G1 Conc#0"                       [id=22088, stack(0x0000005cf5d00000,0x0000005cf5e00000) (1024K)]

[error occurred during error reporting (printing all threads), id 0xc0000005, EXCEPTION_ACCESS_VIOLATION (0xc0000005) at pc=0x00007ffcccbfc0da]
VM state: not at safepoint (not fully initialized)

VM Mutex/Monitor currently owned by a thread:  ([mutex/lock_event])
[0x00007ffccd534988] Heap_lock - owner thread: 0x00000215a9c7f950

Heap address: 0x0000000704000000, size: 4032 MB, Compressed Oops mode: Zero based, Oop shift amount: 3

CDS archive(s) mapped at: [0x0000000000000000-0x0000000000000000-0x0000000000000000), size 0, SharedBaseAddress: 0x0000000800000000, ArchiveRelocationMode: 1.
Narrow klass base: 0x0000000000000000, Narrow klass shift: 0, Narrow klass range: 0x0

GC Precious Log:
 CardTable entry size: 512
 Card Set container configuration: InlinePtr #cards 4 size 8 Array Of Cards #cards 16 size 48 Howl #buckets 8 coarsen threshold 3686 Howl Bitmap #cards 512 size 80 coarsen threshold 460 Card regions per heap region 1 cards per card region 4096

Heap:
 garbage-first heap   total reserved 4128768K, committed 0K, used 0K [0x0000000704000000, 0x0000000800000000)
  region size 2048K, 0 young (0K), 0 survivors (0K)

[error occurred during error reporting (printing heap information), id 0xc0000005, EXCEPTION_ACCESS_VIOLATION (0xc0000005) at pc=0x00007ffcccffc6a9]
GC Heap History (0 events):
No events

Dll operation events (1 events):
Event: 0.008 Loaded shared library C:\Program Files\Java\jdk-23\bin\java.dll

Deoptimization events (0 events):
No events

Classes loaded (0 events):
No events

Classes unloaded (0 events):
No events

Classes redefined (0 events):
No events

Internal exceptions (0 events):
No events

VM Operations (0 events):
No events

Memory protections (0 events):
No events

Nmethod flushes (0 events):
No events

Events (0 events):
No events


Dynamic libraries:
0x00007ff7564d0000 - 0x00007ff7564e0000 	C:\Program Files\Java\jdk-23\bin\java.exe
0x00007ffd78850000 - 0x00007ffd78a67000 	C:\WINDOWS\SYSTEM32\ntdll.dll
0x00007ffd77530000 - 0x00007ffd775f4000 	C:\WINDOWS\System32\KERNEL32.DLL
0x00007ffd75b60000 - 0x00007ffd75f33000 	C:\WINDOWS\System32\KERNELBASE.dll
0x00007ffd75f40000 - 0x00007ffd76051000 	C:\WINDOWS\System32\ucrtbase.dll
0x00007ffd6cab0000 - 0x00007ffd6cacb000 	C:\Program Files\Java\jdk-23\bin\VCRUNTIME140.dll
0x00007ffd6ca90000 - 0x00007ffd6caa7000 	C:\Program Files\Java\jdk-23\bin\jli.dll
0x00007ffd77b30000 - 0x00007ffd77ce1000 	C:\WINDOWS\System32\USER32.dll
0x00007ffd60720000 - 0x00007ffd609bb000 	C:\WINDOWS\WinSxS\amd64_microsoft.windows.common-controls_6595b64144ccf1df_6.0.22621.5262_none_2712bde373830908\COMCTL32.dll
0x00007ffd76120000 - 0x00007ffd76146000 	C:\WINDOWS\System32\win32u.dll
0x00007ffd78670000 - 0x00007ffd78717000 	C:\WINDOWS\System32\msvcrt.dll
0x00007ffd783f0000 - 0x00007ffd78419000 	C:\WINDOWS\System32\GDI32.dll
0x00007ffd763b0000 - 0x00007ffd764d2000 	C:\WINDOWS\System32\gdi32full.dll
0x00007ffd76150000 - 0x00007ffd761ea000 	C:\WINDOWS\System32\msvcp_win.dll
0x00007ffd769d0000 - 0x00007ffd76a01000 	C:\WINDOWS\System32\IMM32.DLL
0x00007ffd70550000 - 0x00007ffd7055c000 	C:\Program Files\Java\jdk-23\bin\vcruntime140_1.dll
0x00007ffd158d0000 - 0x00007ffd1595e000 	C:\Program Files\Java\jdk-23\bin\msvcp140.dll
0x00007ffccc8c0000 - 0x00007ffccd610000 	C:\Program Files\Java\jdk-23\bin\server\jvm.dll
0x00007ffd76630000 - 0x00007ffd766e1000 	C:\WINDOWS\System32\ADVAPI32.dll
0x00007ffd77430000 - 0x00007ffd774d7000 	C:\WINDOWS\System32\sechost.dll
0x00007ffd759c0000 - 0x00007ffd759e8000 	C:\WINDOWS\System32\bcrypt.dll
0x00007ffd78550000 - 0x00007ffd78664000 	C:\WINDOWS\System32\RPCRT4.dll
0x00007ffd78720000 - 0x00007ffd78791000 	C:\WINDOWS\System32\WS2_32.dll
0x00007ffd75810000 - 0x00007ffd7585d000 	C:\WINDOWS\SYSTEM32\POWRPROF.dll
0x00007ffd6fb70000 - 0x00007ffd6fba4000 	C:\WINDOWS\SYSTEM32\WINMM.dll
0x00007ffd5d170000 - 0x00007ffd5d17a000 	C:\WINDOWS\SYSTEM32\VERSION.dll
0x00007ffd757f0000 - 0x00007ffd75803000 	C:\WINDOWS\SYSTEM32\UMPDC.dll
0x00007ffd74940000 - 0x00007ffd74958000 	C:\WINDOWS\SYSTEM32\kernel.appcore.dll
0x00007ffd6ca80000 - 0x00007ffd6ca8a000 	C:\Program Files\Java\jdk-23\bin\jimage.dll
0x00007ffd72ff0000 - 0x00007ffd73222000 	C:\WINDOWS\SYSTEM32\DBGHELP.DLL
0x00007ffd77700000 - 0x00007ffd77a93000 	C:\WINDOWS\System32\combase.dll
0x00007ffd764e0000 - 0x00007ffd765b7000 	C:\WINDOWS\System32\OLEAUT32.dll
0x00007ffd4f5d0000 - 0x00007ffd4f602000 	C:\WINDOWS\SYSTEM32\dbgcore.DLL
0x00007ffd75940000 - 0x00007ffd759bb000 	C:\WINDOWS\System32\bcryptPrimitives.dll
0x00007ffd6b380000 - 0x00007ffd6b39e000 	C:\Program Files\Java\jdk-23\bin\java.dll
0x00007ffd78220000 - 0x00007ffd783c1000 	C:\WINDOWS\System32\ole32.dll
0x00007ffd76b90000 - 0x00007ffd7742d000 	C:\WINDOWS\System32\SHELL32.dll
0x00007ffd76270000 - 0x00007ffd763af000 	C:\WINDOWS\System32\wintypes.dll

dbghelp: loaded successfully - version: 4.0.5 - missing functions: none
symbol engine: initialized successfully - sym options: 0x614 - pdb path: .;C:\Program Files\Java\jdk-23\bin;C:\WINDOWS\SYSTEM32;C:\WINDOWS\WinSxS\amd64_microsoft.windows.common-controls_6595b64144ccf1df_6.0.22621.5262_none_2712bde373830908;C:\Program Files\Java\jdk-23\bin\server

VM Arguments:
java_command: <unknown>
java_class_path (initial): <not set>
Launcher Type: SUN_STANDARD

[Global flags]
     intx CICompilerCount                          = 4                                         {product} {ergonomic}
     uint ConcGCThreads                            = 3                                         {product} {ergonomic}
     uint G1ConcRefinementThreads                  = 10                                        {product} {ergonomic}
   size_t G1HeapRegionSize                         = 2097152                                   {product} {ergonomic}
   size_t InitialHeapSize                          = 264241152                                 {product} {ergonomic}
   size_t MarkStackSize                            = 4194304                                   {product} {ergonomic}
   size_t MarkStackSizeMax                         = 536870912                                 {product} {ergonomic}
   size_t MaxHeapSize                              = 4227858432                                {product} {ergonomic}
   size_t MinHeapDeltaBytes                        = 2097152                                   {product} {ergonomic}
   size_t MinHeapSize                              = 8388608                                   {product} {ergonomic}
    uintx NonNMethodCodeHeapSize                   = 5832704                                {pd product} {ergonomic}
    uintx NonProfiledCodeHeapSize                  = 122945536                              {pd product} {ergonomic}
    uintx ProfiledCodeHeapSize                     = 122880000                              {pd product} {ergonomic}
    uintx ReservedCodeCacheSize                    = 251658240                              {pd product} {ergonomic}
     bool SegmentedCodeCache                       = true                                      {product} {ergonomic}
   size_t SoftMaxHeapSize                          = 4227858432                             {manageable} {ergonomic}
     bool UseCompressedOops                        = true                           {product lp64_product} {ergonomic}
     bool UseG1GC                                  = true                                      {product} {ergonomic}
     bool UseLargePagesIndividualAllocation        = false                                  {pd product} {ergonomic}

Logging:
Log output configuration:
 #0: stdout all=warning uptime,level,tags foldmultilines=false
 #1: stderr all=off uptime,level,tags foldmultilines=false

Environment Variables:
PATH=C:\Python313\Scripts\;C:\Python313\;C:\Program Files\Common Files\Oracle\Java\javapath;C:\WINDOWS\system32;C:\WINDOWS;C:\WINDOWS\System32\Wbem;C:\WINDOWS\System32\WindowsPowerShell\v1.0\;C:\WINDOWS\System32\OpenSSH\;D:\laragon\bin\php\php-8.3.6-nts-Win32-vs16-x64;C:\ProgramData\ComposerSetup\bin;C:\Program Files\Git\cmd;C:\Program Files\Java\jdk-23\bin;C:\MinGW\bin;C:\Program Files\nodejs\;C:\ProgramData\chocolatey\bin;C:\Users\MyBook Z Series\AppData\Local\Programs\Python\Python312\Scripts\;C:\Users\MyBook Z Series\AppData\Local\Programs\Python\Python312\;C:\Users\MyBook Z Series\AppData\Local\Yarn\config\global\node_modules\.bin;C:\Users\MyBook Z Series\AppData\Roaming\Composer\vendor\bin;D:\laragon\bin;D:\laragon\bin\apache\httpd-2.4.54-win64-VS16\bin;D:\laragon\bin\composer;D:\laragon\bin\git\bin;D:\laragon\bin\git\cmd;D:\laragon\bin\git\mingw64\bin;D:\laragon\bin\git\usr\bin;D:\laragon\bin\laragon\utils;D:\laragon\bin\mysql\mysql-8.0.30-winx64\bin;D:\laragon\bin\nginx\nginx-1.22.0;D:\laragon\bin\ngrok;D:\laragon\bin\nodejs\node-v18;D:\laragon\bin\notepad++;D:\laragon\bin\php\php-8.3.6-nts-Win32-vs16-x64;D:\laragon\bin\python\python-3.10;D:\laragon\bin\python\python-3.10\Scripts;D:\laragon\bin\redis\redis-x64-5.0.14.1;D:\laragon\bin\telnet;D:\laragon\usr\bin;C:\Users\MyBook Z Series\AppData\Local\Microsoft\WindowsApps;C:\Users\MyBook Z Series\AppData\Local\Programs\Microsoft VS Code\bin;;C:\Users\MyBook Z Series\AppData\Local\spicetify;C:\Users\MyBook Z Series\AppData\Roaming\npm
USERNAME=MyBook Z Series
LANG=en_US.UTF-8
OS=Windows_NT
PROCESSOR_IDENTIFIER=Intel64 Family 6 Model 154 Stepping 4, GenuineIntel
TMP=C:\Users\MYBOOK~1\AppData\Local\Temp
TEMP=C:\Users\MYBOOK~1\AppData\Local\Temp




Periodic native trim disabled

---------------  S Y S T E M  ---------------

OS:
 Windows 11 , 64 bit Build 22621 (10.0.22621.5262)
OS uptime: 4 days 14:00 hours
Hyper-V role detected

CPU: total 12 (initial active 12) (6 cores per cpu, 2 threads per core) family 6 model 154 stepping 4 microcode 0x41b, cx8, cmov, fxsr, ht, mmx, 3dnowpref, sse, sse2, sse3, ssse3, sse4.1, sse4.2, popcnt, lzcnt, tsc, tscinvbit, avx, avx2, aes, erms, clmul, bmi1, bmi2, adx, sha, fma, vzeroupper, clflush, clflushopt, clwb, hv, serialize, rdtscp, rdpid, fsrm, gfni, f16c, cet_ibt, cet_ss
Processor Information for processor 0
  Max Mhz: 1300, Current Mhz: 1300, Mhz Limit: 1300
Processor Information for processor 1
  Max Mhz: 1300, Current Mhz: 1300, Mhz Limit: 1300
Processor Information for processor 2
  Max Mhz: 1300, Current Mhz: 1300, Mhz Limit: 1300
Processor Information for processor 3
  Max Mhz: 1300, Current Mhz: 1300, Mhz Limit: 1300
Processor Information for processor 4
  Max Mhz: 1300, Current Mhz: 900, Mhz Limit: 897
Processor Information for processor 5
  Max Mhz: 1300, Current Mhz: 900, Mhz Limit: 897
Processor Information for processor 6
  Max Mhz: 1300, Current Mhz: 900, Mhz Limit: 897
Processor Information for processor 7
  Max Mhz: 1300, Current Mhz: 900, Mhz Limit: 897
Processor Information for processor 8
  Max Mhz: 1300, Current Mhz: 900, Mhz Limit: 897
Processor Information for processor 9
  Max Mhz: 1300, Current Mhz: 900, Mhz Limit: 897
Processor Information for processor 10
  Max Mhz: 1300, Current Mhz: 900, Mhz Limit: 897
Processor Information for processor 11
  Max Mhz: 1300, Current Mhz: 900, Mhz Limit: 897

Memory: 4k page, system-wide physical 16126M (6806M free)
TotalPageFile size 23631M (AvailPageFile size 153M)
current process WorkingSet (physical memory assigned to process): 12M, peak: 12M
current process commit charge ("private bytes"): 65M, peak: 316M

vm_info: Java HotSpot(TM) 64-Bit Server VM (23.0.2+7-58) for windows-amd64 JRE (23.0.2+7-58), built on 2024-11-29T09:34:55Z with MS VC++ 17.6 (VS2022)

END.
